<?xml version="1.0" encoding="UTF-8"?>
<!-- Generated by org.testng.reporters.JUnitReportReporter -->
<testsuite hostname="ICPL12348" name="com.custom.suite.MultipleExcelSheetDataFetch" tests="2" failures="0" timestamp="25 Sep 2017 09:32:30 GMT" time="0.012" errors="0">
  <testcase name="imageVerificationTech1" time="0.004" classname="com.custom.suite.MultipleExcelSheetDataFetch"/>
  <testcase name="imageVerificationTech1" time="0.008" classname="com.custom.suite.MultipleExcelSheetDataFetch"/>
</testsuite> <!-- com.custom.suite.MultipleExcelSheetDataFetch -->
