<?xml version="1.0" encoding="UTF-8"?>
<!-- Generated by org.testng.reporters.JUnitReportReporter -->
<testsuite hostname="ICPL12348" name="com.custom.suite.Suite1" tests="1" failures="0" timestamp="31 Aug 2017 20:55:33 GMT" time="5.467" errors="0">
  <testcase name="VerifyingHomePage" time="5.467" classname="com.custom.suite.Suite1"/>
</testsuite> <!-- com.custom.suite.Suite1 -->
