<?xml version="1.0" encoding="UTF-8"?>
<!-- Generated by org.testng.reporters.JUnitReportReporter -->
<testsuite name="com.qmetry.qaf.automation.step.client.DataDrivenScenario" tests="6" time="31.415" ignored="7" failures="0" timestamp="23 Nov 2017 19:46:07 GMT" skipped="0" hostname="ICPL12348" errors="4">
  <testcase name="scenario" time="0.445" classname="com.qmetry.qaf.automation.step.client.DataDrivenScenario"/>
  <testcase name="scenario" time="7.973" classname="com.qmetry.qaf.automation.step.client.DataDrivenScenario">
    <error type="org.openqa.selenium.WebDriverException" message="Failed to execute command checkpoint image: Repository item PUBLIC:KingshukOther/Camera.png not found in media repository
Command duration or timeout: 155 milliseconds
Build info: version: &#039;2.53.1&#039;, revision: &#039;a36b8b1cd5757287168e54b817830adce9b0158d&#039;, time: &#039;2016-06-30 19:26:09&#039;
System info: host: &#039;ICPL12348&#039;, ip: &#039;192.168.2.13&#039;, os.name: &#039;Windows 8.1&#039;, os.arch: &#039;amd64&#039;, os.version: &#039;6.3&#039;, java.version: &#039;1.8.0_121&#039;
Driver info: com.qmetry.qaf.automation.ui.webdriver.QAFExtendedWebDriver
Capabilities [{reportPdfUrl=https://bttv.reporting.perfectomobile.com/export/api/v1/test-executions/pdf?externalId[0]=kingshukn@perfectomobile.com_RemoteWebDriver_17-11-23_19_44_05_14262&amp;_timestamp[0]=1511466245533, eclipseExecutionId=kingshukn@perfectomobile.com_Eclipse_17-11-23_19_03_51_14008, available=false, language=English, deviceName=9BA07417C0FC6820A12EE8A0CAC76B767EEA35E7, deviceId=9BA07417C0FC6820A12EE8A0CAC76B767EEA35E7, resolution=640x1136, platform=ANY, wifiMacAddress=ac:bc:32:1a:3f:bb, manufacturer=Apple, mode=CONNECTED, password=, cradleId=UK-P20-09/VIRTUAL/02, osVersion=11.0.2, driverClass=io.appium.java_client.ios.IOSDriver, automationName=XCUITest, host=bttv.perfectomobile.com, singleTestReportUrl=https://bttv.reporting.perfectomobile.com?externalId[0]=kingshukn@perfectomobile.com_RemoteWebDriver_17-11-23_19_44_05_14262&amp;_timestamp[0]=1511466245533, inUse=true, takesScreenshot=true, javascriptEnabled=true, model=iPod Touch6, platformName=iOS, firmware=11.0.2, rotatable=true, testGridReportUrl=https://bttv.reporting.perfectomobile.com?externalId[0]=kingshukn@perfectomobile.com_RemoteWebDriver_17-11-23_19_44_05_14262&amp;_timestamp[0]=1511466245533, os=iOS, entityType=remote_web_driver, xcuitestFindOptimizations=true, allocatedTo=kingshukn@perfectomobile.com, bundleId=com.apple.mobilesafari, serverConnector=, securityToken=, executionId=kingshukn@perfectomobile.com_RemoteWebDriver_17-11-23_19_44_05_14262, webdriver.remote.sessionid=21bcd016-39fb-4858-b0c3-4d9949b98f17, locationContextEnabled=true, scriptName=RemoteWebDriver, location=EU-UK-LON, linkType=lab, reportKey=kingshukn@perfectomobile.com_RemoteWebDriver_17-11-23_19_44_05_14262, windTunnelReportUrl=https://bttv.reporting.perfectomobile.com?externalId[0]=kingshukn@perfectomobile.com_RemoteWebDriver_17-11-23_19_44_05_14262&amp;_timestamp[0]=1511466245533, user=, operabilityRatingScore=100, cssSelectorsEnabled=true, status=Connected}]
Session ID: 21bcd016-39fb-4858-b0c3-4d9949b98f17">
      <![CDATA[org.openqa.selenium.WebDriverException: Failed to execute command checkpoint image: Repository item PUBLIC:KingshukOther/Camera.png not found in media repository
Command duration or timeout: 155 milliseconds
Build info: version: '2.53.1', revision: 'a36b8b1cd5757287168e54b817830adce9b0158d', time: '2016-06-30 19:26:09'
System info: host: 'ICPL12348', ip: '192.168.2.13', os.name: 'Windows 8.1', os.arch: 'amd64', os.version: '6.3', java.version: '1.8.0_121'
Driver info: com.qmetry.qaf.automation.ui.webdriver.QAFExtendedWebDriver
Capabilities [{reportPdfUrl=https://bttv.reporting.perfectomobile.com/export/api/v1/test-executions/pdf?externalId[0]=kingshukn@perfectomobile.com_RemoteWebDriver_17-11-23_19_44_05_14262&_timestamp[0]=1511466245533, eclipseExecutionId=kingshukn@perfectomobile.com_Eclipse_17-11-23_19_03_51_14008, available=false, language=English, deviceName=9BA07417C0FC6820A12EE8A0CAC76B767EEA35E7, deviceId=9BA07417C0FC6820A12EE8A0CAC76B767EEA35E7, resolution=640x1136, platform=ANY, wifiMacAddress=ac:bc:32:1a:3f:bb, manufacturer=Apple, mode=CONNECTED, password=, cradleId=UK-P20-09/VIRTUAL/02, osVersion=11.0.2, driverClass=io.appium.java_client.ios.IOSDriver, automationName=XCUITest, host=bttv.perfectomobile.com, singleTestReportUrl=https://bttv.reporting.perfectomobile.com?externalId[0]=kingshukn@perfectomobile.com_RemoteWebDriver_17-11-23_19_44_05_14262&_timestamp[0]=1511466245533, inUse=true, takesScreenshot=true, javascriptEnabled=true, model=iPod Touch6, platformName=iOS, firmware=11.0.2, rotatable=true, testGridReportUrl=https://bttv.reporting.perfectomobile.com?externalId[0]=kingshukn@perfectomobile.com_RemoteWebDriver_17-11-23_19_44_05_14262&_timestamp[0]=1511466245533, os=iOS, entityType=remote_web_driver, xcuitestFindOptimizations=true, allocatedTo=kingshukn@perfectomobile.com, bundleId=com.apple.mobilesafari, serverConnector=, securityToken=, executionId=kingshukn@perfectomobile.com_RemoteWebDriver_17-11-23_19_44_05_14262, webdriver.remote.sessionid=21bcd016-39fb-4858-b0c3-4d9949b98f17, locationContextEnabled=true, scriptName=RemoteWebDriver, location=EU-UK-LON, linkType=lab, reportKey=kingshukn@perfectomobile.com_RemoteWebDriver_17-11-23_19_44_05_14262, windTunnelReportUrl=https://bttv.reporting.perfectomobile.com?externalId[0]=kingshukn@perfectomobile.com_RemoteWebDriver_17-11-23_19_44_05_14262&_timestamp[0]=1511466245533, user=, operabilityRatingScore=100, cssSelectorsEnabled=true, status=Connected}]
Session ID: 21bcd016-39fb-4858-b0c3-4d9949b98f17
	at .Then I wait "5" seconds to see the image "${imagePath}"(src/main/resources/scenarios/differentImplementation/imageVerificationOCR.feature:17)
	at org.openqa.selenium.remote.ErrorHandler.createThrowable(ErrorHandler.java:206)
	at org.openqa.selenium.remote.ErrorHandler.throwIfResponseFailed(ErrorHandler.java:158)
	at org.openqa.selenium.remote.RemoteWebDriver.execute(RemoteWebDriver.java:678)
	at com.qmetry.qaf.automation.ui.webdriver.QAFExtendedWebDriver.execute(QAFExtendedWebDriver.java:234)
	at com.qmetry.qaf.automation.ui.webdriver.QAFExtendedWebDriver.executeScript(QAFExtendedWebDriver.java:525)
	at com.quantum.utils.DeviceUtils.isImg(DeviceUtils.java:159)
	at com.quantum.utils.DeviceUtils.waitForPresentImageVisual(DeviceUtils.java:145)
	at com.quantum.steps.PerfectoApplicationSteps.waitForImg(PerfectoApplicationSteps.java:415)
	at com.qmetry.qaf.automation.step.JavaStep.doExecute(JavaStep.java:155)
	at com.qmetry.qaf.automation.step.BaseTestStep.execute(BaseTestStep.java:149)
	at com.qmetry.qaf.automation.step.StringTestStep.execute(StringTestStep.java:134)
	at com.qmetry.qaf.automation.step.client.Scenario.execute(Scenario.java:167)
	at com.qmetry.qaf.automation.step.client.DataDrivenScenario.scenario(DataDrivenScenario.java:84)
	at java.util.concurrent.FutureTask.run(FutureTask.java:266)
	at java.util.concurrent.ThreadPoolExecutor.runWorker(ThreadPoolExecutor.java:1142)
	at java.util.concurrent.ThreadPoolExecutor$Worker.run(ThreadPoolExecutor.java:617)
	at java.lang.Thread.run(Thread.java:745)
Caused by: java.lang.RuntimeException: Failed to execute command checkpoint image: Repository item PUBLIC:KingshukOther/Camera.png not found in media repository
	at com.perfectomobile.selenium.MobileEntity.processCommonResponse(MobileEntity.java:102)
	at com.perfectomobile.selenium.MobileDevice.processResponse(MobileDevice.java:529)
	at com.perfectomobile.selenium.MobileEntity.executeDataCommand(MobileEntity.java:68)
	at com.perfectomobile.selenium.MobileEntity.executeDataCommand(MobileEntity.java:61)
	at com.perfectomobile.selenium.MobileDevice.executeGenericCommand(MobileDevice.java:610)
	at com.perfectomobile.selenium.MobileDevice.executeGenericCommand(MobileDevice.java:55)
	at com.perfectomobile.selenium.server.appium.ExecuteScript.executeGenericCommand(ExecuteScript.java:121)
	at com.perfectomobile.selenium.server.appium.ExecuteScript.executeGenericCommand(ExecuteScript.java:81)
	at com.perfectomobile.selenium.server.appium.ExecuteScript.mobileCall(ExecuteScript.java:50)
	at com.perfectomobile.selenium.server.MobileWebDriverHandler.call(MobileWebDriverHandler.java:23)
	at java.util.concurrent.FutureTask.run(FutureTask.java:266)
	at org.openqa.selenium.remote.server.MobileDefaultSession.lambda$execute$0(MobileDefaultSession.java:187)
	... 3 more
]]>
    </error>
  </testcase> <!-- scenario -->
  <testcase name="scenario" time="7.727" classname="com.qmetry.qaf.automation.step.client.DataDrivenScenario">
    <error type="org.openqa.selenium.WebDriverException" message="Failed to execute command checkpoint image: Repository item PUBLIC:KingshukOther/Gallery.png not found in media repository
Command duration or timeout: 160 milliseconds
Build info: version: &#039;2.53.1&#039;, revision: &#039;a36b8b1cd5757287168e54b817830adce9b0158d&#039;, time: &#039;2016-06-30 19:26:09&#039;
System info: host: &#039;ICPL12348&#039;, ip: &#039;192.168.2.13&#039;, os.name: &#039;Windows 8.1&#039;, os.arch: &#039;amd64&#039;, os.version: &#039;6.3&#039;, java.version: &#039;1.8.0_121&#039;
Driver info: com.qmetry.qaf.automation.ui.webdriver.QAFExtendedWebDriver
Capabilities [{reportPdfUrl=https://bttv.reporting.perfectomobile.com/export/api/v1/test-executions/pdf?externalId[0]=kingshukn@perfectomobile.com_RemoteWebDriver_17-11-23_19_44_05_14262&amp;_timestamp[0]=1511466245533, eclipseExecutionId=kingshukn@perfectomobile.com_Eclipse_17-11-23_19_03_51_14008, available=false, language=English, deviceName=9BA07417C0FC6820A12EE8A0CAC76B767EEA35E7, deviceId=9BA07417C0FC6820A12EE8A0CAC76B767EEA35E7, resolution=640x1136, platform=ANY, wifiMacAddress=ac:bc:32:1a:3f:bb, manufacturer=Apple, mode=CONNECTED, password=, cradleId=UK-P20-09/VIRTUAL/02, osVersion=11.0.2, driverClass=io.appium.java_client.ios.IOSDriver, automationName=XCUITest, host=bttv.perfectomobile.com, singleTestReportUrl=https://bttv.reporting.perfectomobile.com?externalId[0]=kingshukn@perfectomobile.com_RemoteWebDriver_17-11-23_19_44_05_14262&amp;_timestamp[0]=1511466245533, inUse=true, takesScreenshot=true, javascriptEnabled=true, model=iPod Touch6, platformName=iOS, firmware=11.0.2, rotatable=true, testGridReportUrl=https://bttv.reporting.perfectomobile.com?externalId[0]=kingshukn@perfectomobile.com_RemoteWebDriver_17-11-23_19_44_05_14262&amp;_timestamp[0]=1511466245533, os=iOS, entityType=remote_web_driver, xcuitestFindOptimizations=true, allocatedTo=kingshukn@perfectomobile.com, bundleId=com.apple.mobilesafari, serverConnector=, securityToken=, executionId=kingshukn@perfectomobile.com_RemoteWebDriver_17-11-23_19_44_05_14262, webdriver.remote.sessionid=21bcd016-39fb-4858-b0c3-4d9949b98f17, locationContextEnabled=true, scriptName=RemoteWebDriver, location=EU-UK-LON, linkType=lab, reportKey=kingshukn@perfectomobile.com_RemoteWebDriver_17-11-23_19_44_05_14262, windTunnelReportUrl=https://bttv.reporting.perfectomobile.com?externalId[0]=kingshukn@perfectomobile.com_RemoteWebDriver_17-11-23_19_44_05_14262&amp;_timestamp[0]=1511466245533, user=, operabilityRatingScore=100, cssSelectorsEnabled=true, status=Connected}]
Session ID: 21bcd016-39fb-4858-b0c3-4d9949b98f17">
      <![CDATA[org.openqa.selenium.WebDriverException: Failed to execute command checkpoint image: Repository item PUBLIC:KingshukOther/Gallery.png not found in media repository
Command duration or timeout: 160 milliseconds
Build info: version: '2.53.1', revision: 'a36b8b1cd5757287168e54b817830adce9b0158d', time: '2016-06-30 19:26:09'
System info: host: 'ICPL12348', ip: '192.168.2.13', os.name: 'Windows 8.1', os.arch: 'amd64', os.version: '6.3', java.version: '1.8.0_121'
Driver info: com.qmetry.qaf.automation.ui.webdriver.QAFExtendedWebDriver
Capabilities [{reportPdfUrl=https://bttv.reporting.perfectomobile.com/export/api/v1/test-executions/pdf?externalId[0]=kingshukn@perfectomobile.com_RemoteWebDriver_17-11-23_19_44_05_14262&_timestamp[0]=1511466245533, eclipseExecutionId=kingshukn@perfectomobile.com_Eclipse_17-11-23_19_03_51_14008, available=false, language=English, deviceName=9BA07417C0FC6820A12EE8A0CAC76B767EEA35E7, deviceId=9BA07417C0FC6820A12EE8A0CAC76B767EEA35E7, resolution=640x1136, platform=ANY, wifiMacAddress=ac:bc:32:1a:3f:bb, manufacturer=Apple, mode=CONNECTED, password=, cradleId=UK-P20-09/VIRTUAL/02, osVersion=11.0.2, driverClass=io.appium.java_client.ios.IOSDriver, automationName=XCUITest, host=bttv.perfectomobile.com, singleTestReportUrl=https://bttv.reporting.perfectomobile.com?externalId[0]=kingshukn@perfectomobile.com_RemoteWebDriver_17-11-23_19_44_05_14262&_timestamp[0]=1511466245533, inUse=true, takesScreenshot=true, javascriptEnabled=true, model=iPod Touch6, platformName=iOS, firmware=11.0.2, rotatable=true, testGridReportUrl=https://bttv.reporting.perfectomobile.com?externalId[0]=kingshukn@perfectomobile.com_RemoteWebDriver_17-11-23_19_44_05_14262&_timestamp[0]=1511466245533, os=iOS, entityType=remote_web_driver, xcuitestFindOptimizations=true, allocatedTo=kingshukn@perfectomobile.com, bundleId=com.apple.mobilesafari, serverConnector=, securityToken=, executionId=kingshukn@perfectomobile.com_RemoteWebDriver_17-11-23_19_44_05_14262, webdriver.remote.sessionid=21bcd016-39fb-4858-b0c3-4d9949b98f17, locationContextEnabled=true, scriptName=RemoteWebDriver, location=EU-UK-LON, linkType=lab, reportKey=kingshukn@perfectomobile.com_RemoteWebDriver_17-11-23_19_44_05_14262, windTunnelReportUrl=https://bttv.reporting.perfectomobile.com?externalId[0]=kingshukn@perfectomobile.com_RemoteWebDriver_17-11-23_19_44_05_14262&_timestamp[0]=1511466245533, user=, operabilityRatingScore=100, cssSelectorsEnabled=true, status=Connected}]
Session ID: 21bcd016-39fb-4858-b0c3-4d9949b98f17
	at .Then I wait "5" seconds to see the image "${imagePath}"(src/main/resources/scenarios/differentImplementation/imageVerificationOCR.feature:17)
	at org.openqa.selenium.remote.ErrorHandler.createThrowable(ErrorHandler.java:206)
	at org.openqa.selenium.remote.ErrorHandler.throwIfResponseFailed(ErrorHandler.java:158)
	at org.openqa.selenium.remote.RemoteWebDriver.execute(RemoteWebDriver.java:678)
	at com.qmetry.qaf.automation.ui.webdriver.QAFExtendedWebDriver.execute(QAFExtendedWebDriver.java:234)
	at com.qmetry.qaf.automation.ui.webdriver.QAFExtendedWebDriver.executeScript(QAFExtendedWebDriver.java:525)
	at com.quantum.utils.DeviceUtils.isImg(DeviceUtils.java:159)
	at com.quantum.utils.DeviceUtils.waitForPresentImageVisual(DeviceUtils.java:145)
	at com.quantum.steps.PerfectoApplicationSteps.waitForImg(PerfectoApplicationSteps.java:415)
	at com.qmetry.qaf.automation.step.JavaStep.doExecute(JavaStep.java:155)
	at com.qmetry.qaf.automation.step.BaseTestStep.execute(BaseTestStep.java:149)
	at com.qmetry.qaf.automation.step.StringTestStep.execute(StringTestStep.java:134)
	at com.qmetry.qaf.automation.step.client.Scenario.execute(Scenario.java:167)
	at com.qmetry.qaf.automation.step.client.DataDrivenScenario.scenario(DataDrivenScenario.java:84)
	at java.util.concurrent.FutureTask.run(FutureTask.java:266)
	at java.util.concurrent.ThreadPoolExecutor.runWorker(ThreadPoolExecutor.java:1142)
	at java.util.concurrent.ThreadPoolExecutor$Worker.run(ThreadPoolExecutor.java:617)
	at java.lang.Thread.run(Thread.java:745)
Caused by: java.lang.RuntimeException: Failed to execute command checkpoint image: Repository item PUBLIC:KingshukOther/Gallery.png not found in media repository
	at com.perfectomobile.selenium.MobileEntity.processCommonResponse(MobileEntity.java:102)
	at com.perfectomobile.selenium.MobileDevice.processResponse(MobileDevice.java:529)
	at com.perfectomobile.selenium.MobileEntity.executeDataCommand(MobileEntity.java:68)
	at com.perfectomobile.selenium.MobileEntity.executeDataCommand(MobileEntity.java:61)
	at com.perfectomobile.selenium.MobileDevice.executeGenericCommand(MobileDevice.java:610)
	at com.perfectomobile.selenium.MobileDevice.executeGenericCommand(MobileDevice.java:55)
	at com.perfectomobile.selenium.server.appium.ExecuteScript.executeGenericCommand(ExecuteScript.java:121)
	at com.perfectomobile.selenium.server.appium.ExecuteScript.executeGenericCommand(ExecuteScript.java:81)
	at com.perfectomobile.selenium.server.appium.ExecuteScript.mobileCall(ExecuteScript.java:50)
	at com.perfectomobile.selenium.server.MobileWebDriverHandler.call(MobileWebDriverHandler.java:23)
	at java.util.concurrent.FutureTask.run(FutureTask.java:266)
	at org.openqa.selenium.remote.server.MobileDefaultSession.lambda$execute$0(MobileDefaultSession.java:187)
	... 3 more
]]>
    </error>
  </testcase> <!-- scenario -->
  <testcase name="scenario" time="7.380" classname="com.qmetry.qaf.automation.step.client.DataDrivenScenario">
    <error type="org.openqa.selenium.WebDriverException" message="Failed to execute command image find: Repository item PUBLIC:KingshukOther/Camera.png not found in media repository
Command duration or timeout: 161 milliseconds
Build info: version: &#039;2.53.1&#039;, revision: &#039;a36b8b1cd5757287168e54b817830adce9b0158d&#039;, time: &#039;2016-06-30 19:26:09&#039;
System info: host: &#039;ICPL12348&#039;, ip: &#039;192.168.2.13&#039;, os.name: &#039;Windows 8.1&#039;, os.arch: &#039;amd64&#039;, os.version: &#039;6.3&#039;, java.version: &#039;1.8.0_121&#039;
Driver info: com.qmetry.qaf.automation.ui.webdriver.QAFExtendedWebDriver
Capabilities [{reportPdfUrl=https://bttv.reporting.perfectomobile.com/export/api/v1/test-executions/pdf?externalId[0]=kingshukn@perfectomobile.com_RemoteWebDriver_17-11-23_19_44_05_14262&amp;_timestamp[0]=1511466245533, eclipseExecutionId=kingshukn@perfectomobile.com_Eclipse_17-11-23_19_03_51_14008, available=false, language=English, deviceName=9BA07417C0FC6820A12EE8A0CAC76B767EEA35E7, deviceId=9BA07417C0FC6820A12EE8A0CAC76B767EEA35E7, resolution=640x1136, platform=ANY, wifiMacAddress=ac:bc:32:1a:3f:bb, manufacturer=Apple, mode=CONNECTED, password=, cradleId=UK-P20-09/VIRTUAL/02, osVersion=11.0.2, driverClass=io.appium.java_client.ios.IOSDriver, automationName=XCUITest, host=bttv.perfectomobile.com, singleTestReportUrl=https://bttv.reporting.perfectomobile.com?externalId[0]=kingshukn@perfectomobile.com_RemoteWebDriver_17-11-23_19_44_05_14262&amp;_timestamp[0]=1511466245533, inUse=true, takesScreenshot=true, javascriptEnabled=true, model=iPod Touch6, platformName=iOS, firmware=11.0.2, rotatable=true, testGridReportUrl=https://bttv.reporting.perfectomobile.com?externalId[0]=kingshukn@perfectomobile.com_RemoteWebDriver_17-11-23_19_44_05_14262&amp;_timestamp[0]=1511466245533, os=iOS, entityType=remote_web_driver, xcuitestFindOptimizations=true, allocatedTo=kingshukn@perfectomobile.com, bundleId=com.apple.mobilesafari, serverConnector=, securityToken=, executionId=kingshukn@perfectomobile.com_RemoteWebDriver_17-11-23_19_44_05_14262, webdriver.remote.sessionid=21bcd016-39fb-4858-b0c3-4d9949b98f17, locationContextEnabled=true, scriptName=RemoteWebDriver, location=EU-UK-LON, linkType=lab, reportKey=kingshukn@perfectomobile.com_RemoteWebDriver_17-11-23_19_44_05_14262, windTunnelReportUrl=https://bttv.reporting.perfectomobile.com?externalId[0]=kingshukn@perfectomobile.com_RemoteWebDriver_17-11-23_19_44_05_14262&amp;_timestamp[0]=1511466245533, user=, operabilityRatingScore=100, cssSelectorsEnabled=true, status=Connected}]
Session ID: 21bcd016-39fb-4858-b0c3-4d9949b98f17">
      <![CDATA[org.openqa.selenium.WebDriverException: Failed to execute command image find: Repository item PUBLIC:KingshukOther/Camera.png not found in media repository
Command duration or timeout: 161 milliseconds
Build info: version: '2.53.1', revision: 'a36b8b1cd5757287168e54b817830adce9b0158d', time: '2016-06-30 19:26:09'
System info: host: 'ICPL12348', ip: '192.168.2.13', os.name: 'Windows 8.1', os.arch: 'amd64', os.version: '6.3', java.version: '1.8.0_121'
Driver info: com.qmetry.qaf.automation.ui.webdriver.QAFExtendedWebDriver
Capabilities [{reportPdfUrl=https://bttv.reporting.perfectomobile.com/export/api/v1/test-executions/pdf?externalId[0]=kingshukn@perfectomobile.com_RemoteWebDriver_17-11-23_19_44_05_14262&_timestamp[0]=1511466245533, eclipseExecutionId=kingshukn@perfectomobile.com_Eclipse_17-11-23_19_03_51_14008, available=false, language=English, deviceName=9BA07417C0FC6820A12EE8A0CAC76B767EEA35E7, deviceId=9BA07417C0FC6820A12EE8A0CAC76B767EEA35E7, resolution=640x1136, platform=ANY, wifiMacAddress=ac:bc:32:1a:3f:bb, manufacturer=Apple, mode=CONNECTED, password=, cradleId=UK-P20-09/VIRTUAL/02, osVersion=11.0.2, driverClass=io.appium.java_client.ios.IOSDriver, automationName=XCUITest, host=bttv.perfectomobile.com, singleTestReportUrl=https://bttv.reporting.perfectomobile.com?externalId[0]=kingshukn@perfectomobile.com_RemoteWebDriver_17-11-23_19_44_05_14262&_timestamp[0]=1511466245533, inUse=true, takesScreenshot=true, javascriptEnabled=true, model=iPod Touch6, platformName=iOS, firmware=11.0.2, rotatable=true, testGridReportUrl=https://bttv.reporting.perfectomobile.com?externalId[0]=kingshukn@perfectomobile.com_RemoteWebDriver_17-11-23_19_44_05_14262&_timestamp[0]=1511466245533, os=iOS, entityType=remote_web_driver, xcuitestFindOptimizations=true, allocatedTo=kingshukn@perfectomobile.com, bundleId=com.apple.mobilesafari, serverConnector=, securityToken=, executionId=kingshukn@perfectomobile.com_RemoteWebDriver_17-11-23_19_44_05_14262, webdriver.remote.sessionid=21bcd016-39fb-4858-b0c3-4d9949b98f17, locationContextEnabled=true, scriptName=RemoteWebDriver, location=EU-UK-LON, linkType=lab, reportKey=kingshukn@perfectomobile.com_RemoteWebDriver_17-11-23_19_44_05_14262, windTunnelReportUrl=https://bttv.reporting.perfectomobile.com?externalId[0]=kingshukn@perfectomobile.com_RemoteWebDriver_17-11-23_19_44_05_14262&_timestamp[0]=1511466245533, user=, operabilityRatingScore=100, cssSelectorsEnabled=true, status=Connected}]
Session ID: 21bcd016-39fb-4858-b0c3-4d9949b98f17
	at .Then I verify the "${imagePath}" image in the Home Screen(src/main/resources/scenarios/differentImplementation/imageVerificationOCR.feature:8)
	at org.openqa.selenium.remote.ErrorHandler.createThrowable(ErrorHandler.java:206)
	at org.openqa.selenium.remote.ErrorHandler.throwIfResponseFailed(ErrorHandler.java:158)
	at org.openqa.selenium.remote.RemoteWebDriver.execute(RemoteWebDriver.java:678)
	at com.qmetry.qaf.automation.ui.webdriver.QAFExtendedWebDriver.execute(QAFExtendedWebDriver.java:234)
	at com.qmetry.qaf.automation.ui.webdriver.QAFExtendedWebDriver.executeScript(QAFExtendedWebDriver.java:525)
	at com.custom.steps.ApplicationSpecificSteps.imageVerifyHomeScreen(ApplicationSpecificSteps.java:23)
	at com.qmetry.qaf.automation.step.JavaStep.doExecute(JavaStep.java:155)
	at com.qmetry.qaf.automation.step.BaseTestStep.execute(BaseTestStep.java:149)
	at com.qmetry.qaf.automation.step.StringTestStep.execute(StringTestStep.java:134)
	at com.qmetry.qaf.automation.step.client.Scenario.execute(Scenario.java:167)
	at com.qmetry.qaf.automation.step.client.DataDrivenScenario.scenario(DataDrivenScenario.java:84)
	at java.util.concurrent.FutureTask.run(FutureTask.java:266)
	at java.util.concurrent.ThreadPoolExecutor.runWorker(ThreadPoolExecutor.java:1142)
	at java.util.concurrent.ThreadPoolExecutor$Worker.run(ThreadPoolExecutor.java:617)
	at java.lang.Thread.run(Thread.java:745)
Caused by: java.lang.RuntimeException: Failed to execute command image find: Repository item PUBLIC:KingshukOther/Camera.png not found in media repository
	at com.perfectomobile.selenium.MobileEntity.processCommonResponse(MobileEntity.java:102)
	at com.perfectomobile.selenium.MobileDevice.processResponse(MobileDevice.java:529)
	at com.perfectomobile.selenium.MobileEntity.executeDataCommand(MobileEntity.java:68)
	at com.perfectomobile.selenium.MobileEntity.executeDataCommand(MobileEntity.java:61)
	at com.perfectomobile.selenium.MobileDevice.executeGenericCommand(MobileDevice.java:610)
	at com.perfectomobile.selenium.MobileDevice.executeGenericCommand(MobileDevice.java:55)
	at com.perfectomobile.selenium.server.appium.ExecuteScript.executeGenericCommand(ExecuteScript.java:121)
	at com.perfectomobile.selenium.server.appium.ExecuteScript.executeGenericCommand(ExecuteScript.java:81)
	at com.perfectomobile.selenium.server.appium.ExecuteScript.mobileCall(ExecuteScript.java:50)
	at com.perfectomobile.selenium.server.MobileWebDriverHandler.call(MobileWebDriverHandler.java:23)
	at java.util.concurrent.FutureTask.run(FutureTask.java:266)
	at org.openqa.selenium.remote.server.MobileDefaultSession.lambda$execute$0(MobileDefaultSession.java:187)
	... 3 more
]]>
    </error>
  </testcase> <!-- scenario -->
  <testcase name="scenario" time="7.406" classname="com.qmetry.qaf.automation.step.client.DataDrivenScenario">
    <error type="org.openqa.selenium.WebDriverException" message="Failed to execute command image find: Repository item PUBLIC:KingshukOther/Gallery.png not found in media repository
Command duration or timeout: 166 milliseconds
Build info: version: &#039;2.53.1&#039;, revision: &#039;a36b8b1cd5757287168e54b817830adce9b0158d&#039;, time: &#039;2016-06-30 19:26:09&#039;
System info: host: &#039;ICPL12348&#039;, ip: &#039;192.168.2.13&#039;, os.name: &#039;Windows 8.1&#039;, os.arch: &#039;amd64&#039;, os.version: &#039;6.3&#039;, java.version: &#039;1.8.0_121&#039;
Driver info: com.qmetry.qaf.automation.ui.webdriver.QAFExtendedWebDriver
Capabilities [{reportPdfUrl=https://bttv.reporting.perfectomobile.com/export/api/v1/test-executions/pdf?externalId[0]=kingshukn@perfectomobile.com_RemoteWebDriver_17-11-23_19_44_05_14262&amp;_timestamp[0]=1511466245533, eclipseExecutionId=kingshukn@perfectomobile.com_Eclipse_17-11-23_19_03_51_14008, available=false, language=English, deviceName=9BA07417C0FC6820A12EE8A0CAC76B767EEA35E7, deviceId=9BA07417C0FC6820A12EE8A0CAC76B767EEA35E7, resolution=640x1136, platform=ANY, wifiMacAddress=ac:bc:32:1a:3f:bb, manufacturer=Apple, mode=CONNECTED, password=, cradleId=UK-P20-09/VIRTUAL/02, osVersion=11.0.2, driverClass=io.appium.java_client.ios.IOSDriver, automationName=XCUITest, host=bttv.perfectomobile.com, singleTestReportUrl=https://bttv.reporting.perfectomobile.com?externalId[0]=kingshukn@perfectomobile.com_RemoteWebDriver_17-11-23_19_44_05_14262&amp;_timestamp[0]=1511466245533, inUse=true, takesScreenshot=true, javascriptEnabled=true, model=iPod Touch6, platformName=iOS, firmware=11.0.2, rotatable=true, testGridReportUrl=https://bttv.reporting.perfectomobile.com?externalId[0]=kingshukn@perfectomobile.com_RemoteWebDriver_17-11-23_19_44_05_14262&amp;_timestamp[0]=1511466245533, os=iOS, entityType=remote_web_driver, xcuitestFindOptimizations=true, allocatedTo=kingshukn@perfectomobile.com, bundleId=com.apple.mobilesafari, serverConnector=, securityToken=, executionId=kingshukn@perfectomobile.com_RemoteWebDriver_17-11-23_19_44_05_14262, webdriver.remote.sessionid=21bcd016-39fb-4858-b0c3-4d9949b98f17, locationContextEnabled=true, scriptName=RemoteWebDriver, location=EU-UK-LON, linkType=lab, reportKey=kingshukn@perfectomobile.com_RemoteWebDriver_17-11-23_19_44_05_14262, windTunnelReportUrl=https://bttv.reporting.perfectomobile.com?externalId[0]=kingshukn@perfectomobile.com_RemoteWebDriver_17-11-23_19_44_05_14262&amp;_timestamp[0]=1511466245533, user=, operabilityRatingScore=100, cssSelectorsEnabled=true, status=Connected}]
Session ID: 21bcd016-39fb-4858-b0c3-4d9949b98f17">
      <![CDATA[org.openqa.selenium.WebDriverException: Failed to execute command image find: Repository item PUBLIC:KingshukOther/Gallery.png not found in media repository
Command duration or timeout: 166 milliseconds
Build info: version: '2.53.1', revision: 'a36b8b1cd5757287168e54b817830adce9b0158d', time: '2016-06-30 19:26:09'
System info: host: 'ICPL12348', ip: '192.168.2.13', os.name: 'Windows 8.1', os.arch: 'amd64', os.version: '6.3', java.version: '1.8.0_121'
Driver info: com.qmetry.qaf.automation.ui.webdriver.QAFExtendedWebDriver
Capabilities [{reportPdfUrl=https://bttv.reporting.perfectomobile.com/export/api/v1/test-executions/pdf?externalId[0]=kingshukn@perfectomobile.com_RemoteWebDriver_17-11-23_19_44_05_14262&_timestamp[0]=1511466245533, eclipseExecutionId=kingshukn@perfectomobile.com_Eclipse_17-11-23_19_03_51_14008, available=false, language=English, deviceName=9BA07417C0FC6820A12EE8A0CAC76B767EEA35E7, deviceId=9BA07417C0FC6820A12EE8A0CAC76B767EEA35E7, resolution=640x1136, platform=ANY, wifiMacAddress=ac:bc:32:1a:3f:bb, manufacturer=Apple, mode=CONNECTED, password=, cradleId=UK-P20-09/VIRTUAL/02, osVersion=11.0.2, driverClass=io.appium.java_client.ios.IOSDriver, automationName=XCUITest, host=bttv.perfectomobile.com, singleTestReportUrl=https://bttv.reporting.perfectomobile.com?externalId[0]=kingshukn@perfectomobile.com_RemoteWebDriver_17-11-23_19_44_05_14262&_timestamp[0]=1511466245533, inUse=true, takesScreenshot=true, javascriptEnabled=true, model=iPod Touch6, platformName=iOS, firmware=11.0.2, rotatable=true, testGridReportUrl=https://bttv.reporting.perfectomobile.com?externalId[0]=kingshukn@perfectomobile.com_RemoteWebDriver_17-11-23_19_44_05_14262&_timestamp[0]=1511466245533, os=iOS, entityType=remote_web_driver, xcuitestFindOptimizations=true, allocatedTo=kingshukn@perfectomobile.com, bundleId=com.apple.mobilesafari, serverConnector=, securityToken=, executionId=kingshukn@perfectomobile.com_RemoteWebDriver_17-11-23_19_44_05_14262, webdriver.remote.sessionid=21bcd016-39fb-4858-b0c3-4d9949b98f17, locationContextEnabled=true, scriptName=RemoteWebDriver, location=EU-UK-LON, linkType=lab, reportKey=kingshukn@perfectomobile.com_RemoteWebDriver_17-11-23_19_44_05_14262, windTunnelReportUrl=https://bttv.reporting.perfectomobile.com?externalId[0]=kingshukn@perfectomobile.com_RemoteWebDriver_17-11-23_19_44_05_14262&_timestamp[0]=1511466245533, user=, operabilityRatingScore=100, cssSelectorsEnabled=true, status=Connected}]
Session ID: 21bcd016-39fb-4858-b0c3-4d9949b98f17
	at .Then I verify the "${imagePath}" image in the Home Screen(src/main/resources/scenarios/differentImplementation/imageVerificationOCR.feature:8)
	at org.openqa.selenium.remote.ErrorHandler.createThrowable(ErrorHandler.java:206)
	at org.openqa.selenium.remote.ErrorHandler.throwIfResponseFailed(ErrorHandler.java:158)
	at org.openqa.selenium.remote.RemoteWebDriver.execute(RemoteWebDriver.java:678)
	at com.qmetry.qaf.automation.ui.webdriver.QAFExtendedWebDriver.execute(QAFExtendedWebDriver.java:234)
	at com.qmetry.qaf.automation.ui.webdriver.QAFExtendedWebDriver.executeScript(QAFExtendedWebDriver.java:525)
	at com.custom.steps.ApplicationSpecificSteps.imageVerifyHomeScreen(ApplicationSpecificSteps.java:23)
	at com.qmetry.qaf.automation.step.JavaStep.doExecute(JavaStep.java:155)
	at com.qmetry.qaf.automation.step.BaseTestStep.execute(BaseTestStep.java:149)
	at com.qmetry.qaf.automation.step.StringTestStep.execute(StringTestStep.java:134)
	at com.qmetry.qaf.automation.step.client.Scenario.execute(Scenario.java:167)
	at com.qmetry.qaf.automation.step.client.DataDrivenScenario.scenario(DataDrivenScenario.java:84)
	at java.util.concurrent.FutureTask.run(FutureTask.java:266)
	at java.util.concurrent.ThreadPoolExecutor.runWorker(ThreadPoolExecutor.java:1142)
	at java.util.concurrent.ThreadPoolExecutor$Worker.run(ThreadPoolExecutor.java:617)
	at java.lang.Thread.run(Thread.java:745)
Caused by: java.lang.RuntimeException: Failed to execute command image find: Repository item PUBLIC:KingshukOther/Gallery.png not found in media repository
	at com.perfectomobile.selenium.MobileEntity.processCommonResponse(MobileEntity.java:102)
	at com.perfectomobile.selenium.MobileDevice.processResponse(MobileDevice.java:529)
	at com.perfectomobile.selenium.MobileEntity.executeDataCommand(MobileEntity.java:68)
	at com.perfectomobile.selenium.MobileEntity.executeDataCommand(MobileEntity.java:61)
	at com.perfectomobile.selenium.MobileDevice.executeGenericCommand(MobileDevice.java:610)
	at com.perfectomobile.selenium.MobileDevice.executeGenericCommand(MobileDevice.java:55)
	at com.perfectomobile.selenium.server.appium.ExecuteScript.executeGenericCommand(ExecuteScript.java:121)
	at com.perfectomobile.selenium.server.appium.ExecuteScript.executeGenericCommand(ExecuteScript.java:81)
	at com.perfectomobile.selenium.server.appium.ExecuteScript.mobileCall(ExecuteScript.java:50)
	at com.perfectomobile.selenium.server.MobileWebDriverHandler.call(MobileWebDriverHandler.java:23)
	at java.util.concurrent.FutureTask.run(FutureTask.java:266)
	at org.openqa.selenium.remote.server.MobileDefaultSession.lambda$execute$0(MobileDefaultSession.java:187)
	... 3 more
]]>
    </error>
  </testcase> <!-- scenario -->
  <testcase name="scenario" time="0.484" classname="com.qmetry.qaf.automation.step.client.DataDrivenScenario"/>
  <testcase name="scenario" classname="com.qmetry.qaf.automation.step.client.DataDrivenScenario">
    <skipped/>
  </testcase> <!-- scenario -->
  <testcase name="scenario" classname="com.qmetry.qaf.automation.step.client.DataDrivenScenario">
    <skipped/>
  </testcase> <!-- scenario -->
  <testcase name="scenario" classname="com.qmetry.qaf.automation.step.client.DataDrivenScenario">
    <skipped/>
  </testcase> <!-- scenario -->
  <testcase name="afterSuit" classname="com.qmetry.qaf.automation.ui.AbstractTestCase">
    <skipped/>
  </testcase> <!-- afterSuit -->
  <testcase name="setupSuit" classname="com.qmetry.qaf.automation.ui.AbstractTestCase">
    <skipped/>
  </testcase> <!-- setupSuit -->
  <testcase name="setupTest" classname="com.qmetry.qaf.automation.ui.AbstractTestCase">
    <skipped/>
  </testcase> <!-- setupTest -->
  <testcase name="afterTest" classname="com.qmetry.qaf.automation.ui.AbstractTestCase">
    <skipped/>
  </testcase> <!-- afterTest -->
</testsuite> <!-- com.qmetry.qaf.automation.step.client.DataDrivenScenario -->
