<?xml version="1.0" encoding="UTF-8"?>
<!-- Generated by org.testng.reporters.JUnitReportReporter -->
<testsuite hostname="ICPL12348" name="com.custom.suite.BT_UnableToConnect" tests="1" failures="0" timestamp="16 Oct 2017 11:20:45 GMT" time="37.158" errors="0">
  <testcase name="checker" time="37.158" classname="com.custom.suite.BT_UnableToConnect"/>
</testsuite> <!-- com.custom.suite.BT_UnableToConnect -->
