<?xml version="1.0" encoding="UTF-8"?>
<!-- Generated by org.testng.reporters.JUnitReportReporter -->
<testsuite name="com.custom.suite.GM_Xpath_isPresent" tests="1" time="49.318" ignored="0" failures="0" timestamp="14 Feb 2018 12:23:22 GMT" skipped="0" hostname="ICPL12348" errors="0">
  <testcase name="case1" time="49.318" classname="com.custom.suite.GM_Xpath_isPresent"/>
</testsuite> <!-- com.custom.suite.GM_Xpath_isPresent -->
