<?xml version="1.0" encoding="UTF-8"?>
<!-- Generated by org.testng.reporters.JUnitReportReporter -->
<testsuite name="com.custom.suite.BTTV_IphoneDeviceLaunch" tests="1" time="82.434" ignored="0" failures="0" timestamp="23 Nov 2017 19:11:29 GMT" skipped="0" hostname="ICPL12348" errors="1">
  <testcase name="checkerOther" time="82.434" classname="com.custom.suite.BTTV_IphoneDeviceLaunch">
    <error type="org.openqa.selenium.WebDriverException" message="Failed to execute command webpage.element find: findElements command failed. Reason: handset server: timeout expired.
Command duration or timeout: 30.65 seconds
Build info: version: &#039;2.53.1&#039;, revision: &#039;a36b8b1cd5757287168e54b817830adce9b0158d&#039;, time: &#039;2016-06-30 19:26:09&#039;
System info: host: &#039;ICPL12348&#039;, ip: &#039;192.168.2.13&#039;, os.name: &#039;Windows 8.1&#039;, os.arch: &#039;amd64&#039;, os.version: &#039;6.3&#039;, java.version: &#039;1.8.0_121&#039;
Driver info: io.appium.java_client.ios.IOSDriver
Capabilities [{reportPdfUrl=https://bttv.reporting.perfectomobile.com/export/api/v1/test-executions/pdf?externalId[0]=kingshukn@perfectomobile.com_RemoteWebDriver_17-11-23_19_09_55_14046&amp;_timestamp[0]=1511464195240, eclipseExecutionId=kingshukn@perfectomobile.com_Eclipse_17-11-23_19_03_51_14008, available=false, language=English, deviceName=9BA07417C0FC6820A12EE8A0CAC76B767EEA35E7, deviceId=9BA07417C0FC6820A12EE8A0CAC76B767EEA35E7, resolution=640x1136, platform=ANY, wifiMacAddress=ac:bc:32:1a:3f:bb, manufacturer=Apple, mode=CONNECTED, password=, cradleId=UK-P20-09/VIRTUAL/02, osVersion=11.0.2, driverClass=io.appium.java_client.ios.IOSDriver, automationName=XCUITest, host=bttv.perfectomobile.com, singleTestReportUrl=https://bttv.reporting.perfectomobile.com?externalId[0]=kingshukn@perfectomobile.com_RemoteWebDriver_17-11-23_19_09_55_14046&amp;_timestamp[0]=1511464195240, inUse=true, takesScreenshot=true, javascriptEnabled=true, model=iPod Touch6, platformName=iOS, firmware=11.0.2, rotatable=true, testGridReportUrl=https://bttv.reporting.perfectomobile.com?externalId[0]=kingshukn@perfectomobile.com_RemoteWebDriver_17-11-23_19_09_55_14046&amp;_timestamp[0]=1511464195240, os=iOS, entityType=remote_web_driver, xcuitestFindOptimizations=true, allocatedTo=kingshukn@perfectomobile.com, bundleId=com.apple.mobilesafari, serverConnector=, securityToken=, executionId=kingshukn@perfectomobile.com_RemoteWebDriver_17-11-23_19_09_55_14046, webdriver.remote.sessionid=0e26ad97-7ba6-434c-9dd9-9c87ba1f7c5a, locationContextEnabled=true, scriptName=RemoteWebDriver, location=EU-UK-LON, linkType=lab, reportKey=kingshukn@perfectomobile.com_RemoteWebDriver_17-11-23_19_09_55_14046, windTunnelReportUrl=https://bttv.reporting.perfectomobile.com?externalId[0]=kingshukn@perfectomobile.com_RemoteWebDriver_17-11-23_19_09_55_14046&amp;_timestamp[0]=1511464195240, user=, operabilityRatingScore=100, cssSelectorsEnabled=true, status=Connected}]
Session ID: 0e26ad97-7ba6-434c-9dd9-9c87ba1f7c5a
*** Element info: {Using=xpath, value=//*[@label=&#039;Main menu&#039;]}">
      <![CDATA[org.openqa.selenium.WebDriverException: Failed to execute command webpage.element find: findElements command failed. Reason: handset server: timeout expired.
Command duration or timeout: 30.65 seconds
Build info: version: '2.53.1', revision: 'a36b8b1cd5757287168e54b817830adce9b0158d', time: '2016-06-30 19:26:09'
System info: host: 'ICPL12348', ip: '192.168.2.13', os.name: 'Windows 8.1', os.arch: 'amd64', os.version: '6.3', java.version: '1.8.0_121'
Driver info: io.appium.java_client.ios.IOSDriver
Capabilities [{reportPdfUrl=https://bttv.reporting.perfectomobile.com/export/api/v1/test-executions/pdf?externalId[0]=kingshukn@perfectomobile.com_RemoteWebDriver_17-11-23_19_09_55_14046&_timestamp[0]=1511464195240, eclipseExecutionId=kingshukn@perfectomobile.com_Eclipse_17-11-23_19_03_51_14008, available=false, language=English, deviceName=9BA07417C0FC6820A12EE8A0CAC76B767EEA35E7, deviceId=9BA07417C0FC6820A12EE8A0CAC76B767EEA35E7, resolution=640x1136, platform=ANY, wifiMacAddress=ac:bc:32:1a:3f:bb, manufacturer=Apple, mode=CONNECTED, password=, cradleId=UK-P20-09/VIRTUAL/02, osVersion=11.0.2, driverClass=io.appium.java_client.ios.IOSDriver, automationName=XCUITest, host=bttv.perfectomobile.com, singleTestReportUrl=https://bttv.reporting.perfectomobile.com?externalId[0]=kingshukn@perfectomobile.com_RemoteWebDriver_17-11-23_19_09_55_14046&_timestamp[0]=1511464195240, inUse=true, takesScreenshot=true, javascriptEnabled=true, model=iPod Touch6, platformName=iOS, firmware=11.0.2, rotatable=true, testGridReportUrl=https://bttv.reporting.perfectomobile.com?externalId[0]=kingshukn@perfectomobile.com_RemoteWebDriver_17-11-23_19_09_55_14046&_timestamp[0]=1511464195240, os=iOS, entityType=remote_web_driver, xcuitestFindOptimizations=true, allocatedTo=kingshukn@perfectomobile.com, bundleId=com.apple.mobilesafari, serverConnector=, securityToken=, executionId=kingshukn@perfectomobile.com_RemoteWebDriver_17-11-23_19_09_55_14046, webdriver.remote.sessionid=0e26ad97-7ba6-434c-9dd9-9c87ba1f7c5a, locationContextEnabled=true, scriptName=RemoteWebDriver, location=EU-UK-LON, linkType=lab, reportKey=kingshukn@perfectomobile.com_RemoteWebDriver_17-11-23_19_09_55_14046, windTunnelReportUrl=https://bttv.reporting.perfectomobile.com?externalId[0]=kingshukn@perfectomobile.com_RemoteWebDriver_17-11-23_19_09_55_14046&_timestamp[0]=1511464195240, user=, operabilityRatingScore=100, cssSelectorsEnabled=true, status=Connected}]
Session ID: 0e26ad97-7ba6-434c-9dd9-9c87ba1f7c5a
*** Element info: {Using=xpath, value=//*[@label='Main menu']}
	at sun.reflect.NativeConstructorAccessorImpl.newInstance0(Native Method)
	at sun.reflect.NativeConstructorAccessorImpl.newInstance(NativeConstructorAccessorImpl.java:62)
	at sun.reflect.DelegatingConstructorAccessorImpl.newInstance(DelegatingConstructorAccessorImpl.java:45)
	at java.lang.reflect.Constructor.newInstance(Constructor.java:423)
	at org.openqa.selenium.remote.ErrorHandler.createThrowable(ErrorHandler.java:206)
	at org.openqa.selenium.remote.ErrorHandler.throwIfResponseFailed(ErrorHandler.java:158)
	at org.openqa.selenium.remote.RemoteWebDriver.execute(RemoteWebDriver.java:678)
	at io.appium.java_client.DefaultGenericMobileDriver.execute(DefaultGenericMobileDriver.java:40)
	at io.appium.java_client.AppiumDriver.execute(AppiumDriver.java:1)
	at io.appium.java_client.ios.IOSDriver.execute(IOSDriver.java:1)
	at org.openqa.selenium.remote.RemoteWebDriver.findElement(RemoteWebDriver.java:363)
	at io.appium.java_client.DefaultGenericMobileDriver.findElement(DefaultGenericMobileDriver.java:56)
	at io.appium.java_client.AppiumDriver.findElement(AppiumDriver.java:1)
	at io.appium.java_client.ios.IOSDriver.findElement(IOSDriver.java:1)
	at org.openqa.selenium.remote.RemoteWebDriver.findElementByXPath(RemoteWebDriver.java:500)
	at io.appium.java_client.DefaultGenericMobileDriver.findElementByXPath(DefaultGenericMobileDriver.java:134)
	at io.appium.java_client.AppiumDriver.findElementByXPath(AppiumDriver.java:1)
	at io.appium.java_client.ios.IOSDriver.findElementByXPath(IOSDriver.java:1)
	at org.openqa.selenium.By$ByXPath.findElement(By.java:361)
	at org.openqa.selenium.remote.RemoteWebDriver.findElement(RemoteWebDriver.java:355)
	at io.appium.java_client.DefaultGenericMobileDriver.findElement(DefaultGenericMobileDriver.java:52)
	at io.appium.java_client.AppiumDriver.findElement(AppiumDriver.java:1)
	at io.appium.java_client.ios.IOSDriver.findElement(IOSDriver.java:1)
	at com.custom.suite.BTTV_IphoneDeviceLaunch.checkerOther(BTTV_IphoneDeviceLaunch.java:17)
	at sun.reflect.NativeMethodAccessorImpl.invoke0(Native Method)
	at sun.reflect.NativeMethodAccessorImpl.invoke(NativeMethodAccessorImpl.java:62)
	at sun.reflect.DelegatingMethodAccessorImpl.invoke(DelegatingMethodAccessorImpl.java:43)
	at java.lang.reflect.Method.invoke(Method.java:498)
	at org.testng.internal.MethodInvocationHelper.invokeMethod(MethodInvocationHelper.java:104)
	at org.testng.internal.Invoker.invokeMethod(Invoker.java:645)
	at org.testng.internal.Invoker.invokeTestMethod(Invoker.java:851)
	at org.testng.internal.Invoker.invokeTestMethods(Invoker.java:1177)
	at org.testng.internal.TestMethodWorker.invokeTestMethods(TestMethodWorker.java:129)
	at org.testng.internal.TestMethodWorker.run(TestMethodWorker.java:112)
	at org.testng.TestRunner.privateRun(TestRunner.java:756)
	at org.testng.TestRunner.run(TestRunner.java:610)
	at org.testng.SuiteRunner.runTest(SuiteRunner.java:387)
	at org.testng.SuiteRunner.access$000(SuiteRunner.java:39)
	at org.testng.SuiteRunner$SuiteWorker.run(SuiteRunner.java:421)
	at org.testng.internal.thread.ThreadUtil$2.call(ThreadUtil.java:64)
	at java.util.concurrent.FutureTask.run(FutureTask.java:266)
	at java.util.concurrent.ThreadPoolExecutor.runWorker(ThreadPoolExecutor.java:1142)
	at java.util.concurrent.ThreadPoolExecutor$Worker.run(ThreadPoolExecutor.java:617)
	at java.lang.Thread.run(Thread.java:745)
Caused by: java.lang.RuntimeException: Failed to execute command webpage.element find: findElements command failed. Reason: handset server: timeout expired.
	at com.perfectomobile.selenium.MobileEntity.processCommonResponse(MobileEntity.java:102)
	at com.perfectomobile.selenium.MobileDevice.processResponse(MobileDevice.java:529)
	at com.perfectomobile.selenium.MobileApplication.processResponse(MobileApplication.java:45)
	at com.perfectomobile.selenium.dom.MobileDOMApplication.processResponse(MobileDOMApplication.java:421)
	at com.perfectomobile.selenium.MobileEntity.executeCommand(MobileEntity.java:57)
	at com.perfectomobile.selenium.MobileEntity.executeCommand(MobileEntity.java:50)
	at com.perfectomobile.selenium.MobileApplication.findElementsImpl(MobileApplication.java:263)
	at com.perfectomobile.selenium.dom.MobileDOMApplication.findElementsImpl(MobileDOMApplication.java:443)
	at com.perfectomobile.selenium.MobileApplication.findElementsImpl(MobileApplication.java:243)
	at com.perfectomobile.selenium.MobileApplication.findElementsByXPath(MobileApplication.java:199)
	at com.perfectomobile.selenium.MobileApplication.findElementByXPath(MobileApplication.java:192)
	at org.openqa.selenium.By$ByXPath.findElement(By.java:361)
	at com.perfectomobile.selenium.MobileApplication.findElement(MobileApplication.java:132)
	at com.perfectomobile.selenium.server.PerfectoMobileDriver.findElement(PerfectoMobileDriver.java:819)
	at sun.reflect.GeneratedMethodAccessor1348.invoke(Unknown Source)
	at sun.reflect.DelegatingMethodAccessorImpl.invoke(DelegatingMethodAccessorImpl.java:43)
	at java.lang.reflect.Method.invoke(Method.java:498)
	at org.openqa.selenium.support.events.EventFiringWebDriver$2.invoke(EventFiringWebDriver.java:104)
	at com.sun.proxy.$Proxy296.findElement(Unknown Source)
	at org.openqa.selenium.support.events.EventFiringWebDriver.findElement(EventFiringWebDriver.java:188)
	at org.openqa.selenium.remote.server.handler.FindElement.call(FindElement.java:48)
	at org.openqa.selenium.remote.server.handler.FindElement.call(FindElement.java:33)
	at java.util.concurrent.FutureTask.run(FutureTask.java:266)
	at org.openqa.selenium.remote.server.MobileDefaultSession.lambda$execute$0(MobileDefaultSession.java:187)
	... 3 more
]]>
    </error>
  </testcase> <!-- checkerOther -->
</testsuite> <!-- com.custom.suite.BTTV_IphoneDeviceLaunch -->
