<?xml version="1.0" encoding="UTF-8"?>
<!-- Generated by org.testng.reporters.JUnitReportReporter -->
<testsuite hostname="ICPL12348" name="com.qmetry.qaf.automation.step.client.Scenario" tests="1" failures="0" timestamp="19 Feb 2018 18:48:16 GMT" time="32.227" errors="1">
  <testcase name="Opening the applicaton and Clicking on the Xpath" time="32.227" classname="com.qmetry.qaf.automation.step.client.Scenario">
    <error type="org.openqa.selenium.WebDriverException" message="Failed to execute command application open: application-start command failed. Reason: handset server: cannot execute command. Cannot find identifier.
Command duration or timeout: 1.80 seconds
Build info: version: &#039;2.53.1&#039;, revision: &#039;a36b8b1cd5757287168e54b817830adce9b0158d&#039;, time: &#039;2016-06-30 19:26:09&#039;
System info: host: &#039;ICPL12348&#039;, ip: &#039;192.168.2.7&#039;, os.name: &#039;Windows 8.1&#039;, os.arch: &#039;amd64&#039;, os.version: &#039;6.3&#039;, java.version: &#039;1.8.0_121&#039;
Driver info: com.qmetry.qaf.automation.ui.webdriver.QAFExtendedWebDriver
Capabilities [{reportPdfUrl=https://demo.reporting.perfectomobile.com/export/api/v1/test-executions/pdf?externalId[0]=kingshukn@perfectomobile.com_RemoteWebDriver_18-02-19_18_45_11_3624&amp;_timestamp[0]=1519065911180, eclipseExecutionId=kingshukn@perfectomobile.com_Eclipse_18-02-19_18_38_54_3622, available=false, language=English, deviceName=9885F341563741424B, deviceId=9885F341563741424B, resolution=1440x2560, mode=CONNECTED, password=, cradleId=SYD-L15O2-04/VIRTUAL/01, deviceSessionId=B48C81246268F6DC17107435C8504FDB, driverClass=io.appium.java_client.android.AndroidDriver, automationName=XCUITest, host=demo.perfectomobile.com, javascriptEnabled=true, model=Galaxy S7, rotatable=true, entityType=remote_web_driver, executionId=kingshukn@perfectomobile.com_RemoteWebDriver_18-02-19_18_45_11_3624, phoneNumber=+61498012969, webdriver.remote.sessionid=f22616c5-e4f6-4cd9-9ca4-28144ff2af9a, scriptName=RemoteWebDriver, operabilityRatingScore=100, cssSelectorsEnabled=true, status=Connected, description=Available, operatorCode=50501, operatorName=Telstra, platform=ANY, wifiMacAddress=ac:5f:3e:66:0c:6f, manufacturer=Samsung, osVersion=6.0.1, singleTestReportUrl=https://demo.reporting.perfectomobile.com?externalId[0]=kingshukn@perfectomobile.com_RemoteWebDriver_18-02-19_18_45_11_3624&amp;_timestamp[0]=1519065911180, inUse=true, takesScreenshot=true, platformName=Android, firmware=heroltexx-user 6.0.1 MMB29K G930FXXU1BPJG release-keys, testGridReportUrl=https://demo.reporting.perfectomobile.com?externalId[0]=kingshukn@perfectomobile.com_RemoteWebDriver_18-02-19_18_45_11_3624&amp;_timestamp[0]=1519065911180, os=Android, allocatedTo=kingshukn@perfectomobile.com, serverConnector=, securityToken=, locationContextEnabled=true, location=APAC-AUS-SYD, linkType=lab, reportKey=kingshukn@perfectomobile.com_RemoteWebDriver_18-02-19_18_45_11_3624, operatorCountry=Australia, windTunnelReportUrl=https://demo.reporting.perfectomobile.com?externalId[0]=kingshukn@perfectomobile.com_RemoteWebDriver_18-02-19_18_45_11_3624&amp;_timestamp[0]=1519065911180, user=}]
Session ID: f22616c5-e4f6-4cd9-9ca4-28144ff2af9a">
      <![CDATA[org.openqa.selenium.WebDriverException: Failed to execute command application open: application-start command failed. Reason: handset server: cannot execute command. Cannot find identifier.
Command duration or timeout: 1.80 seconds
Build info: version: '2.53.1', revision: 'a36b8b1cd5757287168e54b817830adce9b0158d', time: '2016-06-30 19:26:09'
System info: host: 'ICPL12348', ip: '192.168.2.7', os.name: 'Windows 8.1', os.arch: 'amd64', os.version: '6.3', java.version: '1.8.0_121'
Driver info: com.qmetry.qaf.automation.ui.webdriver.QAFExtendedWebDriver
Capabilities [{reportPdfUrl=https://demo.reporting.perfectomobile.com/export/api/v1/test-executions/pdf?externalId[0]=kingshukn@perfectomobile.com_RemoteWebDriver_18-02-19_18_45_11_3624&_timestamp[0]=1519065911180, eclipseExecutionId=kingshukn@perfectomobile.com_Eclipse_18-02-19_18_38_54_3622, available=false, language=English, deviceName=9885F341563741424B, deviceId=9885F341563741424B, resolution=1440x2560, mode=CONNECTED, password=, cradleId=SYD-L15O2-04/VIRTUAL/01, deviceSessionId=B48C81246268F6DC17107435C8504FDB, driverClass=io.appium.java_client.android.AndroidDriver, automationName=XCUITest, host=demo.perfectomobile.com, javascriptEnabled=true, model=Galaxy S7, rotatable=true, entityType=remote_web_driver, executionId=kingshukn@perfectomobile.com_RemoteWebDriver_18-02-19_18_45_11_3624, phoneNumber=+61498012969, webdriver.remote.sessionid=f22616c5-e4f6-4cd9-9ca4-28144ff2af9a, scriptName=RemoteWebDriver, operabilityRatingScore=100, cssSelectorsEnabled=true, status=Connected, description=Available, operatorCode=50501, operatorName=Telstra, platform=ANY, wifiMacAddress=ac:5f:3e:66:0c:6f, manufacturer=Samsung, osVersion=6.0.1, singleTestReportUrl=https://demo.reporting.perfectomobile.com?externalId[0]=kingshukn@perfectomobile.com_RemoteWebDriver_18-02-19_18_45_11_3624&_timestamp[0]=1519065911180, inUse=true, takesScreenshot=true, platformName=Android, firmware=heroltexx-user 6.0.1 MMB29K G930FXXU1BPJG release-keys, testGridReportUrl=https://demo.reporting.perfectomobile.com?externalId[0]=kingshukn@perfectomobile.com_RemoteWebDriver_18-02-19_18_45_11_3624&_timestamp[0]=1519065911180, os=Android, allocatedTo=kingshukn@perfectomobile.com, serverConnector=, securityToken=, locationContextEnabled=true, location=APAC-AUS-SYD, linkType=lab, reportKey=kingshukn@perfectomobile.com_RemoteWebDriver_18-02-19_18_45_11_3624, operatorCountry=Australia, windTunnelReportUrl=https://demo.reporting.perfectomobile.com?externalId[0]=kingshukn@perfectomobile.com_RemoteWebDriver_18-02-19_18_45_11_3624&_timestamp[0]=1519065911180, user=}]
Session ID: f22616c5-e4f6-4cd9-9ca4-28144ff2af9a
	at .Given I start application by id "com.bt.internal.tve"(src/main/resources/scenarios/differentImplementation/BTTV_IphoneDeviceLaunch.feature:7)
	at org.openqa.selenium.remote.ErrorHandler.createThrowable(ErrorHandler.java:206)
	at org.openqa.selenium.remote.ErrorHandler.throwIfResponseFailed(ErrorHandler.java:158)
	at org.openqa.selenium.remote.RemoteWebDriver.execute(RemoteWebDriver.java:678)
	at com.qmetry.qaf.automation.ui.webdriver.QAFExtendedWebDriver.execute(QAFExtendedWebDriver.java:234)
	at com.qmetry.qaf.automation.ui.webdriver.QAFExtendedWebDriver.executeScript(QAFExtendedWebDriver.java:525)
	at com.quantum.utils.DeviceUtils.startApp(DeviceUtils.java:77)
	at com.quantum.steps.PerfectoApplicationSteps.startAppById(PerfectoApplicationSteps.java:60)
	at com.qmetry.qaf.automation.step.JavaStep.doExecute(JavaStep.java:155)
	at com.qmetry.qaf.automation.step.BaseTestStep.execute(BaseTestStep.java:149)
	at com.qmetry.qaf.automation.step.StringTestStep.execute(StringTestStep.java:134)
	at com.qmetry.qaf.automation.step.client.Scenario.execute(Scenario.java:167)
	at com.qmetry.qaf.automation.step.client.Scenario.scenario(Scenario.java:219)
	at java.util.concurrent.FutureTask.run(FutureTask.java:266)
	at java.util.concurrent.ThreadPoolExecutor.runWorker(ThreadPoolExecutor.java:1142)
	at java.util.concurrent.ThreadPoolExecutor$Worker.run(ThreadPoolExecutor.java:617)
	at java.lang.Thread.run(Thread.java:745)
Caused by: java.lang.RuntimeException: Failed to execute command application open: application-start command failed. Reason: handset server: cannot execute command. Cannot find identifier.
	at com.perfectomobile.selenium.MobileEntity.processCommonResponse(MobileEntity.java:102)
	at com.perfectomobile.selenium.MobileDevice.processResponse(MobileDevice.java:530)
	at com.perfectomobile.selenium.MobileEntity.executeDataCommand(MobileEntity.java:68)
	at com.perfectomobile.selenium.MobileEntity.executeDataCommand(MobileEntity.java:61)
	at com.perfectomobile.selenium.MobileDevice.executeGenericCommand(MobileDevice.java:611)
	at com.perfectomobile.selenium.MobileDevice.executeGenericCommand(MobileDevice.java:55)
	at com.perfectomobile.selenium.server.appium.ExecuteScript.executeGenericCommand(ExecuteScript.java:120)
	at com.perfectomobile.selenium.server.appium.ExecuteScript.executeGenericCommand(ExecuteScript.java:79)
	at com.perfectomobile.selenium.server.appium.ExecuteScript.mobileCall(ExecuteScript.java:48)
	at com.perfectomobile.selenium.server.MobileWebDriverHandler.call(MobileWebDriverHandler.java:23)
	at java.util.concurrent.FutureTask.run(FutureTask.java:266)
	at org.openqa.selenium.remote.server.MobileDefaultSession.lambda$execute$0(MobileDefaultSession.java:199)
	at java.util.concurrent.ThreadPoolExecutor.runWorker(ThreadPoolExecutor.java:1142)
	at java.util.concurrent.ThreadPoolExecutor$Worker.run(ThreadPoolExecutor.java:617)
	at java.lang.Thread.run(Thread.java:748)
]]>
    </error>
  </testcase> <!-- Opening the applicaton and Clicking on the Xpath -->
</testsuite> <!-- com.qmetry.qaf.automation.step.client.Scenario -->
