<?xml version="1.0" encoding="UTF-8"?>
<!-- Generated by org.testng.reporters.JUnitReportReporter -->
<testsuite hostname="ICPL12348" name="com.custom.suite.ImageDemoInjection" tests="1" failures="0" timestamp="6 Oct 2017 09:58:27 GMT" time="7.289" errors="0">
  <testcase name="checker" time="7.289" classname="com.custom.suite.ImageDemoInjection"/>
</testsuite> <!-- com.custom.suite.ImageDemoInjection -->
