<?xml version="1.0" encoding="UTF-8"?>
<!-- Generated by org.testng.reporters.JUnitReportReporter -->
<testsuite hostname="ICPL12348" name="com.custom.suite.VisualAnalysisCheckerSuite" tests="2" failures="0" timestamp="21 Sep 2017 20:10:33 GMT" time="80.246" errors="0">
  <testcase name="imageVerificationTech2" time="51.569" classname="com.custom.suite.VisualAnalysisCheckerSuite"/>
  <testcase name="imageVerificationTech2" time="28.677" classname="com.custom.suite.VisualAnalysisCheckerSuite"/>
</testsuite> <!-- com.custom.suite.VisualAnalysisCheckerSuite -->
